2024-06-12 11:16:43,197 - logger - INFO - QSS loaded successfully from D:\Coding\complete\local_or_original\QRCodeGenerator\resources/style.qss
2024-06-12 11:16:43,617 - logger - INFO - Main window initialized with default settings
2024-06-12 11:16:43,717 - logger - WARNING - No data provided for QR code generation
2024-06-12 11:16:43,717 - logger - INFO - Window resized, QR code regenerated
2024-06-12 11:16:43,730 - logger - INFO - Application started
2024-06-12 11:16:55,140 - logger - WARNING - No data provided for QR code generation
2024-06-12 11:16:55,141 - logger - INFO - Window resized, QR code regenerated
2024-06-12 11:17:10,246 - logger - INFO - QR code generated successfully with data: python
2024-06-12 11:17:10,283 - logger - INFO - QR code generated successfully with data: python
2024-06-12 11:17:10,296 - logger - INFO - QR code generated successfully with data: python
2024-06-12 11:17:10,478 - logger - INFO - QR code generated successfully with data: python
2024-06-12 11:17:10,675 - logger - INFO - QR code generated successfully with data: python
2024-06-12 11:17:25,254 - logger - INFO - QR code generated successfully with data: python
2024-06-12 11:17:25,412 - logger - INFO - QR code generated successfully with data: python
2024-06-12 11:17:25,645 - logger - INFO - QR code generated successfully with data: python
2024-06-12 11:17:25,812 - logger - INFO - QR code generated successfully with data: python
2024-06-12 11:17:25,976 - logger - INFO - QR code generated successfully with data: python
2024-06-12 11:17:26,078 - logger - INFO - QR code generated successfully with data: python
2024-06-12 11:17:26,178 - logger - INFO - QR code generated successfully with data: python
2024-06-12 11:17:26,295 - logger - INFO - QR code generated successfully with data: python
2024-06-12 11:17:26,428 - logger - INFO - QR code generated successfully with data: python
2024-06-12 11:17:26,496 - logger - INFO - QR code generated successfully with data: python
2024-06-12 11:17:26,529 - logger - INFO - QR code generated successfully with data: python
2024-06-12 11:17:26,595 - logger - INFO - QR code generated successfully with data: python
2024-06-12 11:17:26,712 - logger - INFO - QR code generated successfully with data: python
2024-06-12 11:17:26,795 - logger - INFO - QR code generated successfully with data: python
2024-06-12 11:17:26,861 - logger - INFO - QR code generated successfully with data: python
2024-06-12 11:17:26,975 - logger - INFO - QR code generated successfully with data: python
2024-06-12 11:17:27,029 - logger - INFO - QR code generated successfully with data: python
2024-06-12 11:17:29,563 - logger - INFO - QR code generated successfully with data: python
2024-06-12 11:17:29,738 - logger - INFO - QR code generated successfully with data: python
2024-06-12 11:17:29,946 - logger - INFO - QR code generated successfully with data: python
2024-06-12 11:17:30,232 - logger - INFO - QR code generated successfully with data: python
2024-06-12 11:17:30,604 - logger - INFO - QR code generated successfully with data: python
2024-06-12 11:17:31,067 - logger - INFO - QR code generated successfully with data: python
2024-06-12 11:17:46,995 - logger - INFO - QR code generated successfully with data: python
2024-06-12 11:17:47,671 - logger - INFO - QR code generated successfully with data: python
2024-06-12 11:17:49,928 - logger - INFO - QR code generated successfully with data: python
2024-06-12 11:17:50,464 - logger - INFO - QR code generated successfully with data: python
2024-06-12 11:17:50,578 - logger - INFO - QR code generated successfully with data: python
2024-06-12 11:17:50,622 - logger - INFO - QR code generated successfully with data: python
2024-06-12 11:17:50,670 - logger - INFO - QR code generated successfully with data: python
2024-06-12 11:17:50,727 - logger - INFO - QR code generated successfully with data: python
2024-06-12 11:17:50,846 - logger - INFO - QR code generated successfully with data: python
2024-06-12 11:17:50,878 - logger - INFO - QR code generated successfully with data: python
2024-06-12 11:17:50,903 - logger - INFO - QR code generated successfully with data: python
2024-06-12 11:17:50,935 - logger - INFO - QR code generated successfully with data: python
2024-06-12 11:17:50,961 - logger - INFO - QR code generated successfully with data: python
2024-06-12 11:17:50,978 - logger - INFO - QR code generated successfully with data: python
2024-06-12 11:17:51,007 - logger - INFO - QR code generated successfully with data: python
2024-06-12 11:17:51,023 - logger - INFO - QR code generated successfully with data: python
2024-06-12 11:17:51,045 - logger - INFO - QR code generated successfully with data: python
2024-06-12 11:17:51,061 - logger - INFO - QR code generated successfully with data: python
2024-06-12 11:17:51,311 - logger - INFO - QR code generated successfully with data: python
2024-06-12 11:17:51,341 - logger - INFO - QR code generated successfully with data: python
2024-06-12 11:17:51,362 - logger - INFO - QR code generated successfully with data: python
2024-06-12 11:17:51,392 - logger - INFO - QR code generated successfully with data: python
2024-06-12 11:17:51,412 - logger - INFO - QR code generated successfully with data: python
2024-06-12 11:17:51,445 - logger - INFO - QR code generated successfully with data: python
2024-06-12 11:17:51,480 - logger - INFO - QR code generated successfully with data: python
2024-06-12 11:17:51,511 - logger - INFO - QR code generated successfully with data: python
2024-06-12 11:17:51,555 - logger - INFO - QR code generated successfully with data: python
2024-06-12 11:17:51,596 - logger - INFO - QR code generated successfully with data: python
2024-06-12 11:17:51,678 - logger - INFO - QR code generated successfully with data: python
2024-06-12 11:17:51,811 - logger - INFO - QR code generated successfully with data: python
2024-06-12 11:17:51,880 - logger - INFO - QR code generated successfully with data: python
2024-06-12 11:17:51,912 - logger - INFO - QR code generated successfully with data: python
2024-06-12 11:17:51,958 - logger - INFO - QR code generated successfully with data: python
2024-06-12 11:18:15,646 - logger - INFO - Application closed
2024-06-12 12:01:32,030 - logger - INFO - QSS loaded successfully from D:\Coding\complete\local_or_original\QRCodeGenerator\resources/style.qss
2024-06-12 12:01:32,422 - logger - INFO - Main window initialized with default settings
2024-06-12 12:01:32,545 - logger - WARNING - No data provided for QR code generation
2024-06-12 12:01:32,545 - logger - INFO - Window resized, QR code regenerated
2024-06-12 12:01:32,561 - logger - INFO - Application started
2024-06-12 12:01:51,484 - logger - WARNING - No data provided for QR code generation
2024-06-12 12:01:51,484 - logger - INFO - Window resized, QR code regenerated
2024-06-12 12:02:02,798 - logger - INFO - QR code generated successfully with data: python
2024-06-12 12:02:03,086 - logger - INFO - QR code generated successfully with data: python
2024-06-12 12:02:03,098 - logger - INFO - QR code generated successfully with data: python
2024-06-12 12:02:03,476 - logger - INFO - QR code generated successfully with data: python
2024-06-12 12:02:03,746 - logger - INFO - QR code generated successfully with data: python
2024-06-12 12:02:03,857 - logger - INFO - QR code generated successfully with data: python
2024-06-12 12:02:05,414 - logger - INFO - QR code generated successfully with data: python
2024-06-12 12:02:05,448 - logger - INFO - QR code generated successfully with data: python
2024-06-12 12:02:05,510 - logger - INFO - QR code generated successfully with data: python
2024-06-12 12:02:05,572 - logger - INFO - QR code generated successfully with data: python
2024-06-12 12:02:05,619 - logger - INFO - QR code generated successfully with data: python
2024-06-12 12:02:05,635 - logger - INFO - QR code generated successfully with data: python
2024-06-12 12:02:05,701 - logger - INFO - QR code generated successfully with data: python
2024-06-12 12:02:05,777 - logger - INFO - QR code generated successfully with data: python
2024-06-12 12:02:05,867 - logger - INFO - QR code generated successfully with data: python
2024-06-12 12:02:05,887 - logger - INFO - QR code generated successfully with data: python
2024-06-12 12:02:05,929 - logger - INFO - QR code generated successfully with data: python
2024-06-12 12:02:05,966 - logger - INFO - QR code generated successfully with data: python
2024-06-12 12:02:05,998 - logger - INFO - QR code generated successfully with data: python
2024-06-12 12:02:06,045 - logger - INFO - QR code generated successfully with data: python
2024-06-12 12:02:06,076 - logger - INFO - QR code generated successfully with data: python
2024-06-12 12:02:07,980 - logger - INFO - QR code generated successfully with data: python
2024-06-12 12:02:08,001 - logger - INFO - QR code generated successfully with data: python
2024-06-12 12:02:08,041 - logger - INFO - QR code generated successfully with data: python
2024-06-12 12:02:08,080 - logger - INFO - QR code generated successfully with data: python
2024-06-12 12:02:08,112 - logger - INFO - QR code generated successfully with data: python
2024-06-12 12:02:08,148 - logger - INFO - QR code generated successfully with data: python
2024-06-12 12:02:08,254 - logger - INFO - QR code generated successfully with data: python
2024-06-12 12:02:08,286 - logger - INFO - QR code generated successfully with data: python
2024-06-12 12:02:08,319 - logger - INFO - QR code generated successfully with data: python
2024-06-12 12:02:08,365 - logger - INFO - QR code generated successfully with data: python
2024-06-12 12:02:08,397 - logger - INFO - QR code generated successfully with data: python
2024-06-12 12:02:08,445 - logger - INFO - QR code generated successfully with data: python
2024-06-12 12:02:08,496 - logger - INFO - QR code generated successfully with data: python
2024-06-12 12:02:08,562 - logger - INFO - QR code generated successfully with data: python
2024-06-12 12:02:08,651 - logger - INFO - QR code generated successfully with data: python
2024-06-12 12:02:08,715 - logger - INFO - QR code generated successfully with data: python
2024-06-12 12:02:08,773 - logger - INFO - QR code generated successfully with data: python
2024-06-12 12:02:08,825 - logger - INFO - QR code generated successfully with data: python
2024-06-12 12:02:08,936 - logger - INFO - QR code generated successfully with data: python
2024-06-12 12:02:09,017 - logger - INFO - QR code generated successfully with data: python
2024-06-12 12:02:09,079 - logger - INFO - QR code generated successfully with data: python
2024-06-12 12:02:09,135 - logger - INFO - QR code generated successfully with data: python
2024-06-12 12:02:09,190 - logger - INFO - QR code generated successfully with data: python
2024-06-12 12:02:09,222 - logger - INFO - QR code generated successfully with data: python
2024-06-12 12:02:09,277 - logger - INFO - QR code generated successfully with data: python
2024-06-12 12:02:09,317 - logger - INFO - QR code generated successfully with data: python
2024-06-12 12:02:09,365 - logger - INFO - QR code generated successfully with data: python
2024-06-12 12:02:09,411 - logger - INFO - QR code generated successfully with data: python
2024-06-12 12:02:09,449 - logger - INFO - QR code generated successfully with data: python
2024-06-12 12:02:09,491 - logger - INFO - QR code generated successfully with data: python
2024-06-12 12:02:09,522 - logger - INFO - QR code generated successfully with data: python
2024-06-12 12:02:09,574 - logger - INFO - QR code generated successfully with data: python
2024-06-12 12:02:14,089 - logger - INFO - Selected fill color: #7effda
2024-06-12 12:02:14,114 - logger - INFO - QR code generated successfully with data: python
2024-06-12 12:02:43,570 - logger - INFO - Application closed
2024-11-13 11:38:46,178 - logger - INFO - QSS loaded successfully from D:\Coding\complete\local_or_original\QRCodeGenerator\resources/style.qss
2024-11-13 11:38:46,271 - logger - INFO - Main window initialized with default settings
2024-11-13 11:38:46,369 - logger - WARNING - No data provided for QR code generation
2024-11-13 11:38:46,370 - logger - INFO - Window resized, QR code regenerated
2024-11-13 11:38:46,396 - logger - INFO - Application started
2024-11-13 11:39:03,050 - logger - ERROR - Error generating QR code: module 'qrcode' has no attribute 'QRCode'
2024-11-13 11:39:13,992 - logger - INFO - Application closed
2024-11-13 11:40:40,167 - logger - INFO - QSS loaded successfully from D:\Coding\complete\local_or_original\QRCodeGenerator\resources/style.qss
2024-11-13 11:40:40,184 - logger - INFO - Main window initialized with default settings
2024-11-13 11:40:40,285 - logger - WARNING - No data provided for QR code generation
2024-11-13 11:40:40,286 - logger - INFO - Window resized, QR code regenerated
2024-11-13 11:40:40,312 - logger - INFO - Application started
2024-11-13 11:40:45,428 - logger - ERROR - Error generating QR code: module 'qrcode' has no attribute 'QRCode'
2024-11-13 11:40:55,498 - logger - INFO - Application closed
2024-11-13 11:41:39,640 - logger - INFO - QSS loaded successfully from D:\Coding\complete\local_or_original\QRCodeGenerator\resources/style.qss
2024-11-13 11:41:39,672 - logger - INFO - Main window initialized with default settings
2024-11-13 11:41:39,831 - logger - WARNING - No data provided for QR code generation
2024-11-13 11:41:39,831 - logger - INFO - Window resized, QR code regenerated
2024-11-13 11:41:39,848 - logger - INFO - Application started
2024-11-13 11:41:48,247 - logger - INFO - QSS loaded successfully from D:\Coding\complete\local_or_original\QRCodeGenerator\resources/style.qss
2024-11-13 11:41:48,269 - logger - INFO - Main window initialized with default settings
2024-11-13 11:41:48,344 - logger - WARNING - No data provided for QR code generation
2024-11-13 11:41:48,344 - logger - INFO - Window resized, QR code regenerated
2024-11-13 11:41:48,363 - logger - INFO - Application started
2024-11-13 11:41:53,319 - logger - ERROR - Error generating QR code: module 'qrcode' has no attribute 'QRCode'
2024-11-13 11:41:57,441 - logger - ERROR - Error generating QR code: module 'qrcode' has no attribute 'QRCode'
2024-11-13 11:41:57,469 - logger - ERROR - Error generating QR code: module 'qrcode' has no attribute 'QRCode'
2024-11-13 11:41:57,517 - logger - ERROR - Error generating QR code: module 'qrcode' has no attribute 'QRCode'
2024-11-13 11:41:57,574 - logger - ERROR - Error generating QR code: module 'qrcode' has no attribute 'QRCode'
2024-11-13 11:41:57,594 - logger - ERROR - Error generating QR code: module 'qrcode' has no attribute 'QRCode'
2024-11-13 11:41:57,616 - logger - ERROR - Error generating QR code: module 'qrcode' has no attribute 'QRCode'
2024-11-13 11:41:57,677 - logger - ERROR - Error generating QR code: module 'qrcode' has no attribute 'QRCode'
2024-11-13 11:41:59,808 - logger - ERROR - Error generating QR code: module 'qrcode' has no attribute 'QRCode'
2024-11-13 11:42:02,180 - logger - ERROR - Error generating QR code: module 'qrcode' has no attribute 'QRCode'
2024-11-13 11:42:08,102 - logger - ERROR - Error generating QR code: module 'qrcode' has no attribute 'QRCode'
2024-11-13 11:42:11,987 - logger - INFO - Application closed
2024-12-04 07:54:49,324 - logger - INFO - QSS loaded successfully from D:\Coding\Coding\complete\local_or_original\QRCodeGenerator\resources/style.qss
2024-12-04 07:54:49,524 - logger - INFO - Main window initialized with default settings
2024-12-04 07:54:49,933 - logger - WARNING - No data provided for QR code generation
2024-12-04 07:54:49,933 - logger - INFO - Window resized, QR code regenerated
2024-12-04 07:54:49,960 - logger - INFO - Application started
2024-12-04 07:55:12,731 - logger - ERROR - Error generating QR code: 
2024-12-04 07:55:12,731 - logger - INFO - Window resized, QR code regenerated
2024-12-04 07:55:12,752 - logger - ERROR - Error generating QR code: 
2024-12-04 07:55:12,752 - logger - INFO - Window resized, QR code regenerated
2024-12-04 07:55:12,767 - logger - ERROR - Error generating QR code: 
2024-12-04 07:55:12,767 - logger - INFO - Window resized, QR code regenerated
2024-12-04 07:55:12,799 - logger - ERROR - Error generating QR code: 
2024-12-04 07:55:12,799 - logger - INFO - Window resized, QR code regenerated
2024-12-04 07:55:12,831 - logger - ERROR - Error generating QR code: 
2024-12-04 07:55:12,831 - logger - INFO - Window resized, QR code regenerated
2024-12-04 07:55:12,856 - logger - ERROR - Error generating QR code: 
2024-12-04 07:55:12,856 - logger - INFO - Window resized, QR code regenerated
2024-12-04 07:55:12,958 - logger - ERROR - Error generating QR code: 
2024-12-04 07:55:12,958 - logger - INFO - Window resized, QR code regenerated
2024-12-04 07:55:12,973 - logger - ERROR - Error generating QR code: 
2024-12-04 07:55:12,973 - logger - INFO - Window resized, QR code regenerated
2024-12-04 07:55:13,005 - logger - ERROR - Error generating QR code: 
2024-12-04 07:55:13,005 - logger - INFO - Window resized, QR code regenerated
2024-12-04 07:55:13,021 - logger - ERROR - Error generating QR code: 
2024-12-04 07:55:13,021 - logger - INFO - Window resized, QR code regenerated
2024-12-04 07:55:13,052 - logger - ERROR - Error generating QR code: 
2024-12-04 07:55:13,052 - logger - INFO - Window resized, QR code regenerated
2024-12-04 07:55:13,430 - logger - ERROR - Error generating QR code: 
2024-12-04 07:55:13,430 - logger - INFO - Window resized, QR code regenerated
2024-12-04 07:55:13,461 - logger - ERROR - Error generating QR code: 
2024-12-04 07:55:13,461 - logger - INFO - Window resized, QR code regenerated
2024-12-04 07:55:13,477 - logger - ERROR - Error generating QR code: 
2024-12-04 07:55:13,477 - logger - INFO - Window resized, QR code regenerated
2024-12-04 07:55:13,509 - logger - ERROR - Error generating QR code: 
2024-12-04 07:55:13,509 - logger - INFO - Window resized, QR code regenerated
2024-12-04 07:55:13,526 - logger - ERROR - Error generating QR code: 
2024-12-04 07:55:13,526 - logger - INFO - Window resized, QR code regenerated
2024-12-04 07:55:13,612 - logger - ERROR - Error generating QR code: 
2024-12-04 07:55:13,612 - logger - INFO - Window resized, QR code regenerated
2024-12-04 07:55:13,644 - logger - ERROR - Error generating QR code: 
2024-12-04 07:55:13,644 - logger - INFO - Window resized, QR code regenerated
2024-12-04 07:55:13,731 - logger - ERROR - Error generating QR code: 
2024-12-04 07:55:13,731 - logger - INFO - Window resized, QR code regenerated
2024-12-04 07:55:13,810 - logger - ERROR - Error generating QR code: 
2024-12-04 07:55:13,810 - logger - INFO - Window resized, QR code regenerated
2024-12-04 07:55:13,905 - logger - ERROR - Error generating QR code: 
2024-12-04 07:55:13,905 - logger - INFO - Window resized, QR code regenerated
2024-12-04 07:55:13,921 - logger - ERROR - Error generating QR code: 
2024-12-04 07:55:13,921 - logger - INFO - Window resized, QR code regenerated
2024-12-04 07:55:14,048 - logger - ERROR - Error generating QR code: 
2024-12-04 07:55:14,048 - logger - INFO - Window resized, QR code regenerated
2024-12-04 07:55:14,425 - logger - ERROR - Error generating QR code: 
2024-12-04 07:55:14,425 - logger - INFO - Window resized, QR code regenerated
2024-12-04 07:55:14,472 - logger - ERROR - Error generating QR code: 
2024-12-04 07:55:14,472 - logger - INFO - Window resized, QR code regenerated
2024-12-04 07:55:14,504 - logger - ERROR - Error generating QR code: 
2024-12-04 07:55:14,504 - logger - INFO - Window resized, QR code regenerated
2024-12-04 07:55:14,535 - logger - ERROR - Error generating QR code: 
2024-12-04 07:55:14,535 - logger - INFO - Window resized, QR code regenerated
2024-12-04 07:55:14,566 - logger - ERROR - Error generating QR code: 
2024-12-04 07:55:14,566 - logger - INFO - Window resized, QR code regenerated
2024-12-04 07:55:14,582 - logger - ERROR - Error generating QR code: 
2024-12-04 07:55:14,582 - logger - INFO - Window resized, QR code regenerated
2024-12-04 07:55:14,614 - logger - ERROR - Error generating QR code: 
2024-12-04 07:55:14,614 - logger - INFO - Window resized, QR code regenerated
2024-12-04 07:55:14,645 - logger - ERROR - Error generating QR code: 
2024-12-04 07:55:14,645 - logger - INFO - Window resized, QR code regenerated
2024-12-04 07:55:14,676 - logger - ERROR - Error generating QR code: 
2024-12-04 07:55:14,676 - logger - INFO - Window resized, QR code regenerated
2024-12-04 07:55:15,148 - logger - ERROR - Error generating QR code: 
2024-12-04 07:55:15,148 - logger - INFO - Window resized, QR code regenerated
2024-12-04 07:55:15,168 - logger - ERROR - Error generating QR code: 
2024-12-04 07:55:15,168 - logger - INFO - Window resized, QR code regenerated
2024-12-04 07:55:15,187 - logger - ERROR - Error generating QR code: 
2024-12-04 07:55:15,195 - logger - INFO - Window resized, QR code regenerated
2024-12-04 07:55:15,212 - logger - ERROR - Error generating QR code: 
2024-12-04 07:55:15,212 - logger - INFO - Window resized, QR code regenerated
2024-12-04 07:55:15,243 - logger - ERROR - Error generating QR code: 
2024-12-04 07:55:15,243 - logger - INFO - Window resized, QR code regenerated
2024-12-04 07:55:15,258 - logger - ERROR - Error generating QR code: 
2024-12-04 07:55:15,258 - logger - INFO - Window resized, QR code regenerated
2024-12-04 07:55:15,274 - logger - ERROR - Error generating QR code: 
2024-12-04 07:55:15,274 - logger - INFO - Window resized, QR code regenerated
2024-12-04 07:55:15,290 - logger - ERROR - Error generating QR code: 
2024-12-04 07:55:15,290 - logger - INFO - Window resized, QR code regenerated
2024-12-04 07:55:15,306 - logger - ERROR - Error generating QR code: 
2024-12-04 07:55:15,306 - logger - INFO - Window resized, QR code regenerated
2024-12-04 07:55:15,404 - logger - ERROR - Error generating QR code: 
2024-12-04 07:55:15,404 - logger - INFO - Window resized, QR code regenerated
2024-12-04 07:55:15,432 - logger - ERROR - Error generating QR code: 
2024-12-04 07:55:15,432 - logger - INFO - Window resized, QR code regenerated
2024-12-04 07:55:15,448 - logger - ERROR - Error generating QR code: 
2024-12-04 07:55:15,448 - logger - INFO - Window resized, QR code regenerated
2024-12-04 07:55:15,480 - logger - ERROR - Error generating QR code: 
2024-12-04 07:55:15,480 - logger - INFO - Window resized, QR code regenerated
2024-12-04 07:55:15,503 - logger - ERROR - Error generating QR code: 
2024-12-04 07:55:15,503 - logger - INFO - Window resized, QR code regenerated
2024-12-04 07:55:15,528 - logger - ERROR - Error generating QR code: 
2024-12-04 07:55:15,528 - logger - INFO - Window resized, QR code regenerated
2024-12-04 07:55:15,543 - logger - ERROR - Error generating QR code: 
2024-12-04 07:55:15,543 - logger - INFO - Window resized, QR code regenerated
2024-12-04 07:55:15,574 - logger - ERROR - Error generating QR code: 
2024-12-04 07:55:15,574 - logger - INFO - Window resized, QR code regenerated
2024-12-04 07:55:15,637 - logger - ERROR - Error generating QR code: 
2024-12-04 07:55:15,637 - logger - INFO - Window resized, QR code regenerated
2024-12-04 07:55:15,763 - logger - ERROR - Error generating QR code: 
2024-12-04 07:55:15,763 - logger - INFO - Window resized, QR code regenerated
2024-12-04 07:55:26,920 - logger - ERROR - Error generating QR code: 
2024-12-04 07:55:26,920 - logger - INFO - Window resized, QR code regenerated
2024-12-04 07:55:26,952 - logger - ERROR - Error generating QR code: 
2024-12-04 07:55:26,952 - logger - INFO - Window resized, QR code regenerated
2024-12-04 07:55:26,985 - logger - ERROR - Error generating QR code: 
2024-12-04 07:55:26,985 - logger - INFO - Window resized, QR code regenerated
2024-12-04 07:55:27,001 - logger - ERROR - Error generating QR code: 
2024-12-04 07:55:27,001 - logger - INFO - Window resized, QR code regenerated
2024-12-04 07:55:27,031 - logger - ERROR - Error generating QR code: 
2024-12-04 07:55:27,031 - logger - INFO - Window resized, QR code regenerated
2024-12-04 07:55:27,048 - logger - ERROR - Error generating QR code: 
2024-12-04 07:55:27,048 - logger - INFO - Window resized, QR code regenerated
2024-12-04 07:55:27,080 - logger - ERROR - Error generating QR code: 
2024-12-04 07:55:27,080 - logger - INFO - Window resized, QR code regenerated
2024-12-04 07:55:27,095 - logger - ERROR - Error generating QR code: 
2024-12-04 07:55:27,095 - logger - INFO - Window resized, QR code regenerated
2024-12-04 07:55:27,317 - logger - ERROR - Error generating QR code: 
2024-12-04 07:55:27,317 - logger - INFO - Window resized, QR code regenerated
2024-12-04 07:55:27,348 - logger - ERROR - Error generating QR code: 
2024-12-04 07:55:27,348 - logger - INFO - Window resized, QR code regenerated
2024-12-04 07:55:27,380 - logger - ERROR - Error generating QR code: 
2024-12-04 07:55:27,380 - logger - INFO - Window resized, QR code regenerated
2024-12-04 07:55:27,399 - logger - ERROR - Error generating QR code: 
2024-12-04 07:55:27,412 - logger - INFO - Window resized, QR code regenerated
2024-12-04 07:55:27,428 - logger - ERROR - Error generating QR code: 
2024-12-04 07:55:27,428 - logger - INFO - Window resized, QR code regenerated
2024-12-04 07:55:27,444 - logger - ERROR - Error generating QR code: 
2024-12-04 07:55:27,444 - logger - INFO - Window resized, QR code regenerated
2024-12-04 07:55:27,650 - logger - ERROR - Error generating QR code: 
2024-12-04 07:55:27,650 - logger - INFO - Window resized, QR code regenerated
2024-12-04 07:55:27,681 - logger - ERROR - Error generating QR code: 
2024-12-04 07:55:27,681 - logger - INFO - Window resized, QR code regenerated
2024-12-04 07:55:27,697 - logger - ERROR - Error generating QR code: 
2024-12-04 07:55:27,697 - logger - INFO - Window resized, QR code regenerated
2024-12-04 07:55:27,984 - logger - ERROR - Error generating QR code: 
2024-12-04 07:55:27,984 - logger - INFO - Window resized, QR code regenerated
2024-12-04 07:55:28,065 - logger - ERROR - Error generating QR code: 
2024-12-04 07:55:28,065 - logger - INFO - Window resized, QR code regenerated
2024-12-04 07:55:28,096 - logger - ERROR - Error generating QR code: 
2024-12-04 07:55:28,096 - logger - INFO - Window resized, QR code regenerated
2024-12-04 07:55:28,176 - logger - ERROR - Error generating QR code: 
2024-12-04 07:55:28,176 - logger - INFO - Window resized, QR code regenerated
2024-12-04 07:55:28,214 - logger - ERROR - Error generating QR code: 
2024-12-04 07:55:28,214 - logger - INFO - Window resized, QR code regenerated
2024-12-04 07:55:28,239 - logger - ERROR - Error generating QR code: 
2024-12-04 07:55:28,239 - logger - INFO - Window resized, QR code regenerated
2024-12-04 07:55:28,285 - logger - ERROR - Error generating QR code: 
2024-12-04 07:55:28,285 - logger - INFO - Window resized, QR code regenerated
2024-12-04 07:55:28,301 - logger - ERROR - Error generating QR code: 
2024-12-04 07:55:28,301 - logger - INFO - Window resized, QR code regenerated
2024-12-04 07:55:28,316 - logger - ERROR - Error generating QR code: 
2024-12-04 07:55:28,316 - logger - INFO - Window resized, QR code regenerated
2024-12-04 07:55:28,348 - logger - ERROR - Error generating QR code: 
2024-12-04 07:55:28,348 - logger - INFO - Window resized, QR code regenerated
2024-12-04 07:55:28,840 - logger - ERROR - Error generating QR code: 
2024-12-04 07:55:28,840 - logger - INFO - Window resized, QR code regenerated
2024-12-04 07:55:42,654 - logger - ERROR - Error generating QR code: 
2024-12-04 07:55:50,254 - logger - ERROR - Error generating QR code: 
2024-12-04 07:55:53,117 - logger - ERROR - Error generating QR code: 
2024-12-04 07:55:53,132 - logger - ERROR - Error generating QR code: 
2024-12-04 07:55:53,132 - logger - ERROR - Error generating QR code: 
2024-12-04 07:55:53,146 - logger - ERROR - Error generating QR code: 
2024-12-04 07:55:53,146 - logger - ERROR - Error generating QR code: 
2024-12-04 07:55:53,163 - logger - ERROR - Error generating QR code: 
2024-12-04 07:55:53,163 - logger - ERROR - Error generating QR code: 
2024-12-04 07:55:53,185 - logger - ERROR - Error generating QR code: 
2024-12-04 07:55:53,187 - logger - ERROR - Error generating QR code: 
2024-12-04 07:55:53,194 - logger - ERROR - Error generating QR code: 
2024-12-04 07:55:54,305 - logger - ERROR - Error generating QR code: 
2024-12-04 07:55:56,620 - logger - ERROR - Error generating QR code: 
2024-12-04 07:55:56,730 - logger - ERROR - Error generating QR code: 
2024-12-04 07:55:56,746 - logger - ERROR - Error generating QR code: 
2024-12-04 07:55:56,762 - logger - ERROR - Error generating QR code: 
2024-12-04 07:55:56,794 - logger - ERROR - Error generating QR code: 
2024-12-04 07:55:56,827 - logger - ERROR - Error generating QR code: 
2024-12-04 07:55:56,872 - logger - ERROR - Error generating QR code: 
2024-12-04 07:55:57,924 - logger - ERROR - Error generating QR code: 
2024-12-04 07:55:57,973 - logger - ERROR - Error generating QR code: 
2024-12-04 07:55:57,997 - logger - ERROR - Error generating QR code: 
2024-12-04 07:55:59,264 - logger - ERROR - Error generating QR code: 
2024-12-04 07:56:05,115 - logger - INFO - Selected fill color: #55aa00
2024-12-04 07:56:05,152 - logger - ERROR - Error generating QR code: 
2024-12-04 07:56:05,741 - logger - ERROR - Error generating QR code: 
2024-12-04 07:56:10,029 - logger - INFO - Selected background color: #ffaaff
2024-12-04 07:56:10,058 - logger - ERROR - Error generating QR code: 
2024-12-04 07:56:10,940 - logger - ERROR - Error generating QR code: 
2024-12-04 07:56:12,154 - logger - ERROR - Error generating QR code: 
2024-12-04 07:56:12,302 - logger - ERROR - Error generating QR code: 
2024-12-04 07:56:12,485 - logger - ERROR - Error generating QR code: 
2024-12-04 07:56:12,626 - logger - ERROR - Error generating QR code: 
2024-12-04 07:56:12,815 - logger - ERROR - Error generating QR code: 
2024-12-04 07:56:12,989 - logger - ERROR - Error generating QR code: 
2024-12-04 07:56:13,365 - logger - ERROR - Error generating QR code: 
2024-12-04 07:56:13,633 - logger - ERROR - Error generating QR code: 
2024-12-04 07:56:16,391 - logger - ERROR - Error generating QR code: 
2024-12-04 07:56:16,391 - logger - INFO - Window resized, QR code regenerated
2024-12-04 07:56:16,438 - logger - ERROR - Error generating QR code: 
2024-12-04 07:56:16,438 - logger - INFO - Window resized, QR code regenerated
2024-12-04 07:56:16,501 - logger - ERROR - Error generating QR code: 
2024-12-04 07:56:16,501 - logger - INFO - Window resized, QR code regenerated
2024-12-04 07:56:16,664 - logger - ERROR - Error generating QR code: 
2024-12-04 07:56:16,664 - logger - INFO - Window resized, QR code regenerated
2024-12-04 07:56:16,764 - logger - ERROR - Error generating QR code: 
2024-12-04 07:56:16,770 - logger - INFO - Window resized, QR code regenerated
2024-12-04 07:56:16,806 - logger - ERROR - Error generating QR code: 
2024-12-04 07:56:16,806 - logger - INFO - Window resized, QR code regenerated
2024-12-04 07:56:16,864 - logger - ERROR - Error generating QR code: 
2024-12-04 07:56:16,864 - logger - INFO - Window resized, QR code regenerated
2024-12-04 07:56:17,132 - logger - ERROR - Error generating QR code: 
2024-12-04 07:56:17,132 - logger - INFO - Window resized, QR code regenerated
2024-12-04 07:56:17,888 - logger - ERROR - Error generating QR code: 
2024-12-04 07:56:18,142 - logger - ERROR - Error generating QR code: 
2024-12-04 07:56:19,690 - logger - INFO - Application closed
2025-03-23 12:18:19,557 - logger - INFO - QSS loaded successfully from D:\Coding\Coding\Programming\Python\prj\tkinter_gui\QRCodeGenerator\resources/style.qss
2025-03-23 12:18:19,589 - logger - INFO - Main window initialized with default settings
2025-03-23 12:18:19,739 - logger - WARNING - No data provided for QR code generation
2025-03-23 12:18:19,740 - logger - INFO - Window resized, QR code regenerated
2025-03-23 12:18:19,789 - logger - INFO - Application started
2025-03-23 12:18:31,536 - logger - ERROR - Error generating QR code: 
2025-03-23 12:18:38,160 - logger - ERROR - Error generating QR code: 
2025-03-23 12:18:38,271 - logger - ERROR - Error generating QR code: 
2025-03-23 12:18:40,237 - logger - ERROR - Error generating QR code: 
2025-03-23 12:18:40,634 - logger - ERROR - Error generating QR code: 
2025-03-23 12:18:42,604 - logger - ERROR - Error generating QR code: 
2025-03-23 12:18:45,308 - logger - ERROR - Error generating QR code: 
2025-03-23 12:21:38,394 - src.logger - INFO - QSS loaded successfully from D:\Coding\Coding\Programming\Python\prj\tkinter_gui\QRCodeGenerator\resources/style.qss
2025-03-23 12:21:38,404 - src.logger - INFO - Main window initialized with default settings
2025-03-23 12:21:38,597 - src.logger - WARNING - No data provided for QR code generation
2025-03-23 12:21:38,597 - src.logger - INFO - Window resized, QR code regenerated
2025-03-23 12:21:38,649 - src.logger - INFO - Application started
2025-03-23 12:21:43,962 - src.logger - WARNING - No data provided for QR code generation
2025-03-23 12:21:49,513 - src.logger - ERROR - Error generating QR code: 
2025-03-23 12:21:51,363 - src.logger - INFO - Application closed
2025-03-23 12:24:54,800 - logger - INFO - Application closed
2025-03-23 12:41:19,914 - src.logger - INFO - Application UI initialized.
2025-03-23 12:41:19,914 - src.logger - INFO - Application UI initialized.
2025-03-23 12:41:31,065 - src.logger - ERROR - Error generating QR code: 
2025-03-23 12:41:31,065 - src.logger - ERROR - Error generating QR code: 
2025-03-23 12:41:44,288 - src.logger - ERROR - Error generating QR code: 
2025-03-23 12:41:44,288 - src.logger - ERROR - Error generating QR code: 
2025-03-23 12:41:44,288 - src.logger - INFO - Selected fill color: #ffffff
2025-03-23 12:41:44,288 - src.logger - INFO - Selected fill color: #ffffff
2025-03-23 12:41:50,872 - src.logger - ERROR - Error generating QR code: 
2025-03-23 12:41:50,872 - src.logger - ERROR - Error generating QR code: 
2025-03-23 12:41:50,872 - src.logger - INFO - Selected background color: #0000ff
2025-03-23 12:41:50,872 - src.logger - INFO - Selected background color: #0000ff
2025-03-23 12:41:54,310 - src.logger - ERROR - Error generating QR code: 
2025-03-23 12:41:54,310 - src.logger - ERROR - Error generating QR code: 
2025-03-23 12:42:01,979 - src.logger - ERROR - Error generating QR code: 
2025-03-23 12:42:01,979 - src.logger - ERROR - Error generating QR code: 
2025-03-23 12:44:19,724 - src.logger - INFO - Application UI initialized.
2025-03-23 12:44:19,724 - src.logger - INFO - Application UI initialized.
2025-03-23 12:44:25,439 - src.logger - ERROR - Error generating QR code: 
2025-03-23 12:44:25,439 - src.logger - ERROR - Error generating QR code: 
2025-03-23 12:44:25,442 - src.logger - ERROR - Traceback (most recent call last):
  File "D:\Coding\Coding\Programming\Python\prj\tkinter_gui\QRCodeGenerator\main.py", line 86, in create_qr_code
    qr_pixmap = QPixmap.fromImage(ImageQt.ImageQt(qr_img))
                                  ~~~~~~~~~~~~~~~^^^^^^^^
  File "D:\Coding\Coding\Programming\Python\prj\tkinter_gui\QRCodeGenerator\.venv\Lib\site-packages\PIL\ImageQt.py", line 194, in __init__
    im_data = _toqclass_helper(im)
  File "D:\Coding\Coding\Programming\Python\prj\tkinter_gui\QRCodeGenerator\.venv\Lib\site-packages\PIL\ImageQt.py", line 144, in _toqclass_helper
    assert isinstance(im, Image.Image)
           ~~~~~~~~~~^^^^^^^^^^^^^^^^^
AssertionError

2025-03-23 12:44:25,442 - src.logger - ERROR - Traceback (most recent call last):
  File "D:\Coding\Coding\Programming\Python\prj\tkinter_gui\QRCodeGenerator\main.py", line 86, in create_qr_code
    qr_pixmap = QPixmap.fromImage(ImageQt.ImageQt(qr_img))
                                  ~~~~~~~~~~~~~~~^^^^^^^^
  File "D:\Coding\Coding\Programming\Python\prj\tkinter_gui\QRCodeGenerator\.venv\Lib\site-packages\PIL\ImageQt.py", line 194, in __init__
    im_data = _toqclass_helper(im)
  File "D:\Coding\Coding\Programming\Python\prj\tkinter_gui\QRCodeGenerator\.venv\Lib\site-packages\PIL\ImageQt.py", line 144, in _toqclass_helper
    assert isinstance(im, Image.Image)
           ~~~~~~~~~~^^^^^^^^^^^^^^^^^
AssertionError

2025-03-23 12:46:28,523 - src.logger - INFO - Application UI initialized.
2025-03-23 12:46:28,523 - src.logger - INFO - Application UI initialized.
2025-03-23 12:46:28,593 - src.logger - INFO - Application UI initialized.
2025-03-23 12:46:28,593 - src.logger - INFO - Application UI initialized.
2025-03-23 12:46:33,425 - src.logger - INFO - QR code generated successfully.
2025-03-23 12:46:33,425 - src.logger - INFO - QR code generated successfully.
2025-03-23 12:47:00,513 - src.logger - INFO - QR code saved at D:/Coding/Coding/Programming/Python/prj/tkinter_gui/QRCodeGenerator/rs.png.
2025-03-23 12:47:00,513 - src.logger - INFO - QR code saved at D:/Coding/Coding/Programming/Python/prj/tkinter_gui/QRCodeGenerator/rs.png.
2025-03-23 13:23:12,764 - src.logger - INFO - Application UI initialized.
2025-03-23 13:23:12,764 - src.logger - INFO - Application UI initialized.
2025-03-23 13:23:12,798 - src.logger - ERROR - Error checking for updates: Invalid URL 'your-version-file-url/version.txt': No scheme supplied. Perhaps you meant https://your-version-file-url/version.txt?
2025-03-23 13:23:12,798 - src.logger - ERROR - Error checking for updates: Invalid URL 'your-version-file-url/version.txt': No scheme supplied. Perhaps you meant https://your-version-file-url/version.txt?
2025-03-24 09:08:40,666 - src.logger - INFO - Application UI initialized.
2025-03-24 09:08:40,666 - src.logger - INFO - Application UI initialized.
2025-03-24 09:08:41,242 - src.logger - ERROR - Error checking for updates: 404 Client Error: Not Found for url: https://api.github.com/repos/pyapril15/qrcode_generator/releases/latest
2025-03-24 09:08:41,242 - src.logger - ERROR - Error checking for updates: 404 Client Error: Not Found for url: https://api.github.com/repos/pyapril15/qrcode_generator/releases/latest
2025-03-24 09:20:37,326 - src.logger - INFO - Application UI initialized.
2025-03-24 09:20:37,326 - src.logger - INFO - Application UI initialized.
2025-03-24 09:20:37,883 - src.logger - ERROR - Error checking for updates: 404 Client Error: Not Found for url: https://api.github.com/repos/pyapril15/qrcode_generator/releases/latest
2025-03-24 09:20:37,883 - src.logger - ERROR - Error checking for updates: 404 Client Error: Not Found for url: https://api.github.com/repos/pyapril15/qrcode_generator/releases/latest
2025-03-24 09:20:42,656 - src.logger - INFO - Application UI initialized.
2025-03-24 09:20:42,656 - src.logger - INFO - Application UI initialized.
2025-03-24 09:20:43,083 - src.logger - ERROR - Error checking for updates: 404 Client Error: Not Found for url: https://api.github.com/repos/pyapril15/qrcode_generator/releases/latest
2025-03-24 09:20:43,083 - src.logger - ERROR - Error checking for updates: 404 Client Error: Not Found for url: https://api.github.com/repos/pyapril15/qrcode_generator/releases/latest
2025-03-24 09:20:53,144 - src.logger - INFO - Application UI initialized.
2025-03-24 09:20:53,144 - src.logger - INFO - Application UI initialized.
2025-03-24 09:20:53,353 - src.logger - ERROR - Error checking for updates: 404 Client Error: Not Found for url: https://api.github.com/repos/pyapril15/qrcode_generator/releases/latest
2025-03-24 09:20:53,353 - src.logger - ERROR - Error checking for updates: 404 Client Error: Not Found for url: https://api.github.com/repos/pyapril15/qrcode_generator/releases/latest
2025-03-24 09:21:08,449 - src.logger - INFO - Application UI initialized.
2025-03-24 09:21:08,449 - src.logger - INFO - Application UI initialized.
2025-03-24 09:21:08,673 - src.logger - ERROR - Error checking for updates: 404 Client Error: Not Found for url: https://api.github.com/repos/pyapril15/qrcode_generator/releases/latest
2025-03-24 09:21:08,673 - src.logger - ERROR - Error checking for updates: 404 Client Error: Not Found for url: https://api.github.com/repos/pyapril15/qrcode_generator/releases/latest
2025-03-24 09:30:40,495 - src.logger - INFO - Application UI initialized.
2025-03-24 09:30:40,495 - src.logger - INFO - Application UI initialized.
2025-03-24 09:30:41,086 - src.logger - ERROR - Error checking for updates: 404 Client Error: Not Found for url: https://api.github.com/repos/pyapril15/qrcode_generator/releases/latest
2025-03-24 09:30:41,086 - src.logger - ERROR - Error checking for updates: 404 Client Error: Not Found for url: https://api.github.com/repos/pyapril15/qrcode_generator/releases/latest
2025-03-24 09:41:25,206 - src.logger - INFO - Application UI initialized.
2025-03-24 09:41:25,206 - src.logger - INFO - Application UI initialized.
2025-03-24 09:41:25,666 - src.logger - ERROR - Error checking for updates: 404 Client Error: Not Found for url: https://api.github.com/repos/pyapril15/qrcode_generator/releases/latest
2025-03-24 09:41:25,666 - src.logger - ERROR - Error checking for updates: 404 Client Error: Not Found for url: https://api.github.com/repos/pyapril15/qrcode_generator/releases/latest
2025-03-24 09:47:36,670 - src.logger - INFO - Application UI initialized.
2025-03-24 09:47:36,670 - src.logger - INFO - Application UI initialized.
2025-03-24 09:47:37,494 - src.logger - ERROR - Error checking for updates: 404 Client Error: Not Found for url: https://api.github.com/repos/pyapril15/qrcode_generator/releases/latest
2025-03-24 09:47:37,494 - src.logger - ERROR - Error checking for updates: 404 Client Error: Not Found for url: https://api.github.com/repos/pyapril15/qrcode_generator/releases/latest
2025-03-24 09:48:49,145 - src.logger - INFO - Application UI initialized.
2025-03-24 09:48:49,145 - src.logger - INFO - Application UI initialized.
2025-03-24 09:48:49,724 - src.logger - ERROR - Error checking for updates: 404 Client Error: Not Found for url: https://api.github.com/repos/pyapril15/qrcode_generator/releases/latest
2025-03-24 09:48:49,724 - src.logger - ERROR - Error checking for updates: 404 Client Error: Not Found for url: https://api.github.com/repos/pyapril15/qrcode_generator/releases/latest
2025-03-24 09:50:40,996 - src.logger - INFO - Application UI initialized.
2025-03-24 09:50:40,996 - src.logger - INFO - Application UI initialized.
2025-03-24 09:50:41,920 - src.logger - ERROR - Error checking for updates: 404 Client Error: Not Found for url: https://api.github.com/repos/pyapril15/qrcode_generator/releases/latest
2025-03-24 09:50:41,920 - src.logger - ERROR - Error checking for updates: 404 Client Error: Not Found for url: https://api.github.com/repos/pyapril15/qrcode_generator/releases/latest
2025-03-24 09:50:49,798 - src.logger - ERROR - Error generating QR code: invalid literal for int() with base 10: '1.0.0'
2025-03-24 09:50:49,798 - src.logger - ERROR - Error generating QR code: invalid literal for int() with base 10: '1.0.0'
2025-03-24 09:51:58,302 - src.logger - INFO - Application UI initialized.
2025-03-24 09:51:58,302 - src.logger - INFO - Application UI initialized.
2025-03-24 09:51:58,840 - src.logger - ERROR - Error checking for updates: 404 Client Error: Not Found for url: https://api.github.com/repos/pyapril15/qrcode_generator/releases/latest
2025-03-24 09:51:58,840 - src.logger - ERROR - Error checking for updates: 404 Client Error: Not Found for url: https://api.github.com/repos/pyapril15/qrcode_generator/releases/latest
2025-03-24 09:52:04,448 - src.logger - ERROR - Error generating QR code: invalid literal for int() with base 10: '1.0.0'
2025-03-24 09:52:04,448 - src.logger - ERROR - Error generating QR code: invalid literal for int() with base 10: '1.0.0'
2025-03-24 09:52:57,712 - src.logger - INFO - Application UI initialized.
2025-03-24 09:52:57,712 - src.logger - INFO - Application UI initialized.
2025-03-24 09:52:57,751 - src.logger - INFO - Application UI initialized.
2025-03-24 09:52:57,751 - src.logger - INFO - Application UI initialized.
2025-03-24 09:52:58,153 - src.logger - ERROR - Error checking for updates: 404 Client Error: Not Found for url: https://api.github.com/repos/pyapril15/qrcode_generator/releases/latest
2025-03-24 09:52:58,153 - src.logger - ERROR - Error checking for updates: 404 Client Error: Not Found for url: https://api.github.com/repos/pyapril15/qrcode_generator/releases/latest
2025-03-24 09:52:58,162 - src.logger - ERROR - Error checking for updates: 404 Client Error: Not Found for url: https://api.github.com/repos/pyapril15/qrcode_generator/releases/latest
2025-03-24 09:52:58,162 - src.logger - ERROR - Error checking for updates: 404 Client Error: Not Found for url: https://api.github.com/repos/pyapril15/qrcode_generator/releases/latest
2025-03-24 09:53:04,834 - src.logger - ERROR - Error generating QR code: invalid literal for int() with base 10: '1.0.0'
2025-03-24 09:53:04,834 - src.logger - ERROR - Error generating QR code: invalid literal for int() with base 10: '1.0.0'
2025-03-24 09:53:12,181 - src.logger - ERROR - Error generating QR code: invalid literal for int() with base 10: '1.0.0'
2025-03-24 09:53:12,181 - src.logger - ERROR - Error generating QR code: invalid literal for int() with base 10: '1.0.0'
2025-03-24 09:53:20,045 - src.logger - INFO - Application UI initialized.
2025-03-24 09:53:20,045 - src.logger - INFO - Application UI initialized.
2025-03-24 09:53:20,605 - src.logger - ERROR - Error checking for updates: 404 Client Error: Not Found for url: https://api.github.com/repos/pyapril15/qrcode_generator/releases/latest
2025-03-24 09:53:20,605 - src.logger - ERROR - Error checking for updates: 404 Client Error: Not Found for url: https://api.github.com/repos/pyapril15/qrcode_generator/releases/latest
2025-03-24 09:53:24,158 - src.logger - ERROR - Error generating QR code: invalid literal for int() with base 10: '1.0.0'
2025-03-24 09:53:24,158 - src.logger - ERROR - Error generating QR code: invalid literal for int() with base 10: '1.0.0'
2025-03-24 09:53:27,315 - src.logger - INFO - Application UI initialized.
2025-03-24 09:53:27,315 - src.logger - INFO - Application UI initialized.
2025-03-24 09:53:28,175 - src.logger - ERROR - Error checking for updates: 404 Client Error: Not Found for url: https://api.github.com/repos/pyapril15/qrcode_generator/releases/latest
2025-03-24 09:53:28,175 - src.logger - ERROR - Error checking for updates: 404 Client Error: Not Found for url: https://api.github.com/repos/pyapril15/qrcode_generator/releases/latest
2025-03-24 09:53:31,214 - src.logger - ERROR - Error generating QR code: invalid literal for int() with base 10: '1.0.0'
2025-03-24 09:53:31,214 - src.logger - ERROR - Error generating QR code: invalid literal for int() with base 10: '1.0.0'
2025-03-24 09:53:42,577 - src.logger - INFO - Application UI initialized.
2025-03-24 09:53:42,577 - src.logger - INFO - Application UI initialized.
2025-03-24 09:53:43,164 - src.logger - ERROR - Error checking for updates: 404 Client Error: Not Found for url: https://api.github.com/repos/pyapril15/qrcode_generator/releases/latest
2025-03-24 09:53:43,164 - src.logger - ERROR - Error checking for updates: 404 Client Error: Not Found for url: https://api.github.com/repos/pyapril15/qrcode_generator/releases/latest
2025-03-24 09:53:47,247 - src.logger - ERROR - Error generating QR code: invalid literal for int() with base 10: '1.0.0'
2025-03-24 09:53:47,247 - src.logger - ERROR - Error generating QR code: invalid literal for int() with base 10: '1.0.0'
2025-03-24 09:55:05,972 - src.logger - INFO - Application UI initialized.
2025-03-24 09:55:05,972 - src.logger - INFO - Application UI initialized.
2025-03-24 09:55:06,413 - src.logger - ERROR - Error checking for updates: 404 Client Error: Not Found for url: https://api.github.com/repos/pyapril15/qrcode_generator/releases/latest
2025-03-24 09:55:06,413 - src.logger - ERROR - Error checking for updates: 404 Client Error: Not Found for url: https://api.github.com/repos/pyapril15/qrcode_generator/releases/latest
2025-03-24 09:55:17,077 - src.logger - ERROR - Error generating QR code: invalid literal for int() with base 10: '1.0.0'
2025-03-24 09:55:17,077 - src.logger - ERROR - Error generating QR code: invalid literal for int() with base 10: '1.0.0'
2025-03-24 09:57:03,142 - src.logger - INFO - Application UI initialized.
2025-03-24 09:57:03,142 - src.logger - INFO - Application UI initialized.
2025-03-24 09:57:03,643 - src.logger - ERROR - Error checking for updates: 404 Client Error: Not Found for url: https://api.github.com/repos/pyapril15/qrcode_generator/releases/latest
2025-03-24 09:57:03,643 - src.logger - ERROR - Error checking for updates: 404 Client Error: Not Found for url: https://api.github.com/repos/pyapril15/qrcode_generator/releases/latest
2025-03-24 09:57:06,153 - src.logger - INFO - QR code generated successfully.
2025-03-24 09:57:06,153 - src.logger - INFO - QR code generated successfully.
2025-03-24 09:57:23,944 - src.logger - INFO - Application UI initialized.
2025-03-24 09:57:23,944 - src.logger - INFO - Application UI initialized.
2025-03-24 09:57:24,443 - src.logger - ERROR - Error checking for updates: 404 Client Error: Not Found for url: https://api.github.com/repos/pyapril15/qrcode_generator/releases/latest
2025-03-24 09:57:24,443 - src.logger - ERROR - Error checking for updates: 404 Client Error: Not Found for url: https://api.github.com/repos/pyapril15/qrcode_generator/releases/latest
2025-03-24 09:57:28,508 - src.logger - INFO - QR code generated successfully.
2025-03-24 09:57:28,508 - src.logger - INFO - QR code generated successfully.
2025-03-24 09:58:01,484 - src.logger - INFO - Application UI initialized.
2025-03-24 09:58:01,484 - src.logger - INFO - Application UI initialized.
2025-03-24 09:58:02,045 - src.logger - ERROR - Error checking for updates: 404 Client Error: Not Found for url: https://api.github.com/repos/pyapril15/qrcode_generator/releases/latest
2025-03-24 09:58:02,045 - src.logger - ERROR - Error checking for updates: 404 Client Error: Not Found for url: https://api.github.com/repos/pyapril15/qrcode_generator/releases/latest
2025-03-24 09:58:04,950 - src.logger - INFO - QR code generated successfully.
2025-03-24 09:58:04,950 - src.logger - INFO - QR code generated successfully.
2025-03-24 09:58:31,944 - src.logger - INFO - Application UI initialized.
2025-03-24 09:58:31,944 - src.logger - INFO - Application UI initialized.
2025-03-24 09:58:32,605 - src.logger - ERROR - Error checking for updates: 404 Client Error: Not Found for url: https://api.github.com/repos/pyapril15/qrcode_generator/releases/latest
2025-03-24 09:58:32,605 - src.logger - ERROR - Error checking for updates: 404 Client Error: Not Found for url: https://api.github.com/repos/pyapril15/qrcode_generator/releases/latest
2025-03-24 09:58:34,663 - src.logger - INFO - QR code generated successfully.
2025-03-24 09:58:34,663 - src.logger - INFO - QR code generated successfully.
2025-03-24 09:58:39,955 - src.logger - INFO - QR code generated successfully.
2025-03-24 09:58:39,955 - src.logger - INFO - QR code generated successfully.
2025-03-24 09:58:39,955 - src.logger - INFO - Selected fill color: #00ffff
2025-03-24 09:58:39,955 - src.logger - INFO - Selected fill color: #00ffff
2025-03-24 12:03:49,345 - src.logger - INFO - Application UI initialized.
2025-03-24 12:03:49,345 - src.logger - INFO - Application UI initialized.
2025-03-24 12:03:50,749 - src.logger - ERROR - Error checking for updates: 404 Client Error: Not Found for url: https://api.github.com/repos/pyapril15/qrcode_generator/releases/latest
2025-03-24 12:03:50,749 - src.logger - ERROR - Error checking for updates: 404 Client Error: Not Found for url: https://api.github.com/repos/pyapril15/qrcode_generator/releases/latest
2025-03-24 12:18:55,199 - src.logger - INFO - Application UI initialized.
2025-03-24 12:18:55,199 - src.logger - INFO - Application UI initialized.
2025-03-24 12:18:56,342 - src.logger - ERROR - Error checking for updates: 404 Client Error: Not Found for url: https://api.github.com/repos/pyapril15/qrcode_generator/releases/latest
2025-03-24 12:18:56,342 - src.logger - ERROR - Error checking for updates: 404 Client Error: Not Found for url: https://api.github.com/repos/pyapril15/qrcode_generator/releases/latest
2025-03-24 12:19:18,886 - src.logger - INFO - Application UI initialized.
2025-03-24 12:19:18,886 - src.logger - INFO - Application UI initialized.
2025-03-24 12:19:19,418 - src.logger - ERROR - Error checking for updates: 404 Client Error: Not Found for url: https://api.github.com/repos/pyapril15/qrcode_generator/releases/latest
2025-03-24 12:19:19,418 - src.logger - ERROR - Error checking for updates: 404 Client Error: Not Found for url: https://api.github.com/repos/pyapril15/qrcode_generator/releases/latest
2025-03-24 12:27:26,883 - src.logger - INFO - QSS loaded successfully from D:\Coding\Coding\Programming\Python\prj\tkinter_gui\QRCodeGenerator\resources/style.qss
2025-03-24 12:27:26,883 - src.logger - INFO - QSS loaded successfully from D:\Coding\Coding\Programming\Python\prj\tkinter_gui\QRCodeGenerator\resources/style.qss
2025-03-24 12:27:26,891 - src.logger - INFO - Application UI initialized.
2025-03-24 12:27:26,891 - src.logger - INFO - Application UI initialized.
2025-03-24 12:27:26,891 - src.logger - INFO - Application UI initialized.
2025-03-24 12:27:27,763 - src.logger - ERROR - Error checking for updates: 404 Client Error: Not Found for url: https://api.github.com/repos/pyapril15/qrcode_generator/releases/latest
2025-03-24 12:27:27,763 - src.logger - ERROR - Error checking for updates: 404 Client Error: Not Found for url: https://api.github.com/repos/pyapril15/qrcode_generator/releases/latest
2025-03-24 12:27:27,763 - src.logger - ERROR - Error checking for updates: 404 Client Error: Not Found for url: https://api.github.com/repos/pyapril15/qrcode_generator/releases/latest
2025-03-24 12:27:50,052 - src.logger - INFO - QSS loaded successfully from D:\Coding\Coding\Programming\Python\prj\tkinter_gui\QRCodeGenerator\resources/style.qss
2025-03-24 12:27:50,052 - src.logger - INFO - QSS loaded successfully from D:\Coding\Coding\Programming\Python\prj\tkinter_gui\QRCodeGenerator\resources/style.qss
2025-03-24 12:27:50,060 - src.logger - INFO - Application UI initialized.
2025-03-24 12:27:50,060 - src.logger - INFO - Application UI initialized.
2025-03-24 12:27:50,060 - src.logger - INFO - Application UI initialized.
2025-03-24 12:27:51,212 - src.logger - ERROR - Error checking for updates: 404 Client Error: Not Found for url: https://api.github.com/repos/pyapril15/qrcode_generator/releases/latest
2025-03-24 12:27:51,212 - src.logger - ERROR - Error checking for updates: 404 Client Error: Not Found for url: https://api.github.com/repos/pyapril15/qrcode_generator/releases/latest
2025-03-24 12:27:51,212 - src.logger - ERROR - Error checking for updates: 404 Client Error: Not Found for url: https://api.github.com/repos/pyapril15/qrcode_generator/releases/latest
2025-03-24 12:38:48,184 - src.logger - INFO - QSS loaded successfully from D:\Coding\Coding\Programming\Python\prj\tkinter_gui\QRCodeGenerator\resources/style.qss
2025-03-24 12:38:48,184 - src.logger - INFO - QSS loaded successfully from D:\Coding\Coding\Programming\Python\prj\tkinter_gui\QRCodeGenerator\resources/style.qss
2025-03-24 12:38:48,192 - src.logger - INFO - Application UI initialized.
2025-03-24 12:38:48,192 - src.logger - INFO - Application UI initialized.
2025-03-24 12:38:48,192 - src.logger - INFO - Application UI initialized.
2025-03-24 12:38:50,363 - src.logger - ERROR - Error checking for updates: 404 Client Error: Not Found for url: https://api.github.com/repos/pyapril15/qrcode_generator/releases/latest
2025-03-24 12:38:50,363 - src.logger - ERROR - Error checking for updates: 404 Client Error: Not Found for url: https://api.github.com/repos/pyapril15/qrcode_generator/releases/latest
2025-03-24 12:38:50,363 - src.logger - ERROR - Error checking for updates: 404 Client Error: Not Found for url: https://api.github.com/repos/pyapril15/qrcode_generator/releases/latest
2025-03-24 12:39:02,000 - src.logger - INFO - QR code generated successfully.
2025-03-24 12:39:02,000 - src.logger - INFO - QR code generated successfully.
2025-03-24 12:39:02,000 - src.logger - INFO - QR code generated successfully.
2025-03-24 12:39:15,128 - src.logger - INFO - QR code generated successfully.
2025-03-24 12:39:15,128 - src.logger - INFO - QR code generated successfully.
2025-03-24 12:39:15,128 - src.logger - INFO - QR code generated successfully.
2025-03-24 12:39:15,128 - src.logger - INFO - Selected fill color: #55ff00
2025-03-24 12:39:15,128 - src.logger - INFO - Selected fill color: #55ff00
2025-03-24 12:39:15,128 - src.logger - INFO - Selected fill color: #55ff00
2025-03-24 12:42:37,835 - src.logger - INFO - QSS loaded successfully from D:\Coding\Coding\Programming\Python\prj\tkinter_gui\QRCodeGenerator\resources/style.qss
2025-03-24 12:42:37,835 - src.logger - INFO - QSS loaded successfully from D:\Coding\Coding\Programming\Python\prj\tkinter_gui\QRCodeGenerator\resources/style.qss
2025-03-24 12:42:37,842 - src.logger - INFO - Application UI initialized.
2025-03-24 12:42:37,842 - src.logger - INFO - Application UI initialized.
2025-03-24 12:42:37,842 - src.logger - INFO - Application UI initialized.
2025-03-24 13:09:47,907 - src.logger - INFO - QSS loaded successfully from D:\Coding\Coding\Programming\Python\prj\tkinter_gui\QRCodeGenerator\resources/style.qss
2025-03-24 13:09:47,907 - src.logger - INFO - QSS loaded successfully from D:\Coding\Coding\Programming\Python\prj\tkinter_gui\QRCodeGenerator\resources/style.qss
2025-03-24 13:09:47,916 - src.logger - INFO - Application UI initialized.
2025-03-24 13:09:47,916 - src.logger - INFO - Application UI initialized.
2025-03-24 13:09:47,916 - src.logger - INFO - Application UI initialized.
2025-03-24 13:09:54,769 - src.logger - INFO - QR code generated successfully.
2025-03-24 13:09:54,769 - src.logger - INFO - QR code generated successfully.
2025-03-24 13:09:54,769 - src.logger - INFO - QR code generated successfully.
